\BOOKMARK [2][-]{section*.1}{\376\377\0001\0003\000/\0000\0002\000/\0002\0001\0000\0008}{}% 1
\BOOKMARK [3][-]{section*.2}{\376\377\000P\000h\000e\000n\000y\000l\000k\000e\000t\000o\000n\000u\000r\000i\000a}{section*.1}% 2
\BOOKMARK [3][-]{section*.3}{\376\377\000d\000i\000a\000b\000e\000t\000e\000s\000\040\000t\000y\000p\000e\000\040\000I\000I}{section*.1}% 3
\BOOKMARK [3][-]{section*.4}{\376\377\000L\000a\000c\000t\000o\000s\000e\000\040\000i\000n\000t\000o\000l\000e\000r\000a\000n\000c\000e\000.}{section*.1}% 4
\BOOKMARK [3][-]{section*.5}{\376\377\000H\000i\000m\000a\000l\000a\000y\000a\000n\000\040\000P\000h\000e\000n\000o\000t\000y\000p\000e\000.}{section*.1}% 5
\BOOKMARK [3][-]{section*.6}{\376\377\000C\000a\000n\000c\000e\000r}{section*.1}% 6
\BOOKMARK [3][-]{section*.16}{\376\377\000C\000a\000u\000s\000e\000s\000\040\000o\000f\000\040\000c\000a\000n\000c\000e\000r\000.}{section*.1}% 7
\BOOKMARK [3][-]{section*.17}{\376\377\000h\000e\000r\000e\000d\000i\000t\000a\000r\000y\000.}{section*.1}% 8
\BOOKMARK [3][-]{section*.37}{\376\377\000C\000h\000r\000o\000m\000o\000s\000o\000m\000e\000\040\000l\000e\000v\000e\000l\000\040\000m\000u\000t\000a\000t\000i\000o\000n\000s}{section*.1}% 9
\BOOKMARK [1][-]{section*.68}{\376\377\000M\000C\000B\000G\000\040\0002\0000\0003\0006}{}% 10
\BOOKMARK [2][-]{section*.69}{\376\377\0001\0004\000/\0000\0002\000/\0002\0000\0001\0008}{section*.68}% 11
\BOOKMARK [3][-]{section*.70}{\376\377\000a\000c\000i\000d\000s\000\040\000a\000n\000d\000\040\000b\000a\000s\000e\000s\000.}{section*.69}% 12
\BOOKMARK [2][-]{section*.79}{\376\377\000S\000u\000r\000v\000i\000v\000o\000r\000\040\000s\000h\000i\000p\000\040\000c\000u\000r\000v\000e\000s}{section*.68}% 13
\BOOKMARK [3][-]{section*.80}{\376\377\000T\000y\000p\000e\0001\000\040\0001}{section*.79}% 14
\BOOKMARK [3][-]{section*.82}{\376\377\000T\000y\000p\000e\000\040\0002}{section*.79}% 15
\BOOKMARK [3][-]{section*.84}{\376\377\000T\000y\000p\000e\000\040\0003}{section*.79}% 16
\BOOKMARK [3][-]{section*.86}{\376\377\000R\000e\000p\000r\000o\000d\000u\000c\000t\000i\000v\000e\000\040\000R\000a\000t\000e}{section*.79}% 17
\BOOKMARK [3][-]{section*.88}{\376\377\000K\000\040\000s\000e\000l\000e\000c\000t\000i\000n\000g}{section*.79}% 18
\BOOKMARK [3][-]{section*.90}{\376\377\000R\000\040\000s\000e\000l\000e\000c\000t\000i\000n\000g}{section*.79}% 19
\BOOKMARK [2][-]{section*.94}{\376\377\000d\000e\000f\000i\000n\000i\000n\000g\000\040\000e\000n\000v\000i\000r\000o\000n\000m\000e\000n\000t\000s\000.}{section*.68}% 20
\BOOKMARK [2][-]{section*.95}{\376\377\000V\000a\000l\000e\000n\000c\000e\000\040\000B\000o\000n\000d\000\040\000T\000h\000e\000o\000r\000y}{section*.68}% 21
\BOOKMARK [3][-]{section*.96}{\376\377\000H\000i\000s\000t\000o\000r\000y}{section*.95}% 22
\BOOKMARK [3][-]{section*.97}{\376\377\000B\000a\000s\000i\000c\000s}{section*.95}% 23
