\BOOKMARK [1][-]{section*.1}{\376\377\000B\000a\000s\000i\000c\000\040\000n\000o\000t\000e\000s\000\040\000o\000n\000\040\000c\000o\000u\000r\000s\000e}{}% 1
\BOOKMARK [2][-]{section*.2}{\376\377\000D\000e\000s\000c\000r\000i\000p\000t\000i\000v\000e}{section*.1}% 2
\BOOKMARK [2][-]{section*.3}{\376\377\000I\000n\000f\000e\000r\000e\000n\000t\000i\000a\000l}{section*.1}% 3
\BOOKMARK [1][-]{section*.4}{\376\377\000D\000e\000f\000i\000n\000i\000t\000i\000o\000n\000s}{}% 4
\BOOKMARK [2][-]{section*.5}{\376\377\000S\000t\000a\000t\000i\000s\000t\000i\000c}{section*.4}% 5
\BOOKMARK [3][-]{section*.6}{\376\377\000P\000a\000r\000a\000m\000e\000t\000e\000r}{section*.5}% 6
\BOOKMARK [3][-]{section*.7}{\376\377\000P\000o\000p\000u\000l\000a\000t\000i\000o\000n}{section*.5}% 7
\BOOKMARK [3][-]{section*.8}{\376\377\000T\000a\000r\000g\000e\000t\000\040\000p\000o\000p\000u\000l\000a\000t\000i\000o\000n}{section*.5}% 8
\BOOKMARK [3][-]{section*.9}{\376\377\000S\000a\000m\000p\000l\000e\000d\000\040\000p\000o\000p\000u\000l\000a\000t\000i\000o\000n}{section*.5}% 9
\BOOKMARK [3][-]{section*.10}{\376\377\000R\000a\000w\000\040\000d\000a\000t\000a}{section*.5}% 10
\BOOKMARK [3][-]{section*.11}{\376\377\000A\000r\000r\000a\000y}{section*.5}% 11
\BOOKMARK [3][-]{section*.12}{\376\377\000R\000a\000n\000d\000o\000m\000n\000e\000s\000s}{section*.5}% 12
\BOOKMARK [3][-]{section*.13}{\376\377\000R\000a\000n\000g\000e}{section*.5}% 13
\BOOKMARK [3][-]{section*.14}{\376\377\000C\000l\000u\000s\000t\000e\000r}{section*.5}% 14
\BOOKMARK [3][-]{section*.15}{\376\377\000O\000u\000t\000l\000i\000e\000r}{section*.5}% 15
\BOOKMARK [3][-]{section*.16}{\376\377\000R\000e\000l\000a\000t\000i\000v\000e\000\040\000F\000r\000e\000q\000u\000e\000n\000c\000y}{section*.5}% 16
\BOOKMARK [1][-]{section*.17}{\376\377\000E\000x\000a\000m\000\040\000n\000o\000t\000e\000s}{}% 17
\BOOKMARK [1][-]{section*.18}{\376\377\000G\000e\000n\000e\000r\000a\000l\000\040\000b\000a\000c\000k\000g\000r\000o\000u\000n\000d}{}% 18
\BOOKMARK [2][-]{section*.19}{\376\377\000S\000u\000m\000m\000a\000r\000y\000\040\000o\000f\000\040\000s\000t\000a\000t\000i\000s\000t\000i\000c\000\040\000p\000r\000o\000c\000e\000s\000s}{section*.18}% 19
\BOOKMARK [3][-]{section*.20}{\376\377\000G\000e\000n\000e\000r\000a\000l}{section*.19}% 20
\BOOKMARK [3][-]{section*.21}{\376\377\000C\000o\000l\000l\000e\000c\000t\000i\000o\000n}{section*.19}% 21
\BOOKMARK [3][-]{section*.22}{\376\377\000S\000a\000m\000p\000l\000i\000n\000g}{section*.19}% 22
\BOOKMARK [3][-]{section*.23}{\376\377\000D\000a\000t\000a}{section*.19}% 23
\BOOKMARK [3][-]{section*.25}{\376\377\000S\000c\000a\000l\000e\000s\000\040\000o\000f\000\040\000m\000e\000a\000s\000u\000r\000e\000m\000e\000n\000t}{section*.19}% 24
\BOOKMARK [1][-]{section*.38}{\376\377\000G\000r\000a\000p\000h\000i\000c\000a\000l\000\040\000M\000e\000t\000h\000o\000d\000s}{}% 25
\BOOKMARK [2][-]{section*.39}{\376\377\000B\000a\000c\000k\000g\000r\000o\000u\000n\000d}{section*.38}% 26
\BOOKMARK [3][-]{section*.40}{\376\377\000a\000d\000v\000a\000n\000t\000a\000g\000e\000s}{section*.39}% 27
\BOOKMARK [3][-]{section*.41}{\376\377\000D\000e\000f\000i\000n\000i\000t\000i\000o\000n\000s}{section*.39}% 28
\BOOKMARK [2][-]{section*.46}{\376\377\000T\000y\000p\000e\000s\000\040\000o\000f\000\040\000g\000r\000a\000p\000h\000s}{section*.38}% 29
\BOOKMARK [3][-]{section*.47}{\376\377\000D\000o\000t\000\040\000P\000l\000o\000t}{section*.46}% 30
\BOOKMARK [3][-]{section*.48}{\376\377\000P\000i\000e\000\040\000C\000h\000a\000r\000t}{section*.46}% 31
\BOOKMARK [3][-]{section*.49}{\376\377\000L\000i\000n\000e\000\040\000G\000r\000a\000p\000h}{section*.46}% 32
\BOOKMARK [3][-]{section*.50}{\376\377\000B\000a\000r\000\040\000C\000h\000a\000r\000t}{section*.46}% 33
\BOOKMARK [3][-]{section*.51}{\376\377\000S\000t\000e\000m\000\040\000a\000n\000d\000\040\000L\000e\000a\000f\000\040\000p\000l\000o\000t}{section*.46}% 34
\BOOKMARK [3][-]{section*.52}{\376\377\000H\000i\000s\000t\000o\000g\000r\000a\000m}{section*.46}% 35
\BOOKMARK [1][-]{section*.53}{\376\377\000R\000\040\000c\000o\000d\000i\000n\000g}{}% 36
\BOOKMARK [2][-]{section*.54}{\376\377\000B\000a\000c\000k\000g\000r\000o\000u\000n\000d}{section*.53}% 37
