\BOOKMARK [1][-]{section*.1}{\376\377\000B\000a\000c\000k\000g\000r\000o\000u\000n\000d}{}% 1
\BOOKMARK [2][-]{section*.2}{\376\377\000A\000\040\000s\000e\000n\000s\000e\000\040\000o\000f\000\040\000s\000c\000a\000l\000e}{section*.1}% 2
\BOOKMARK [3][-]{section*.3}{\376\377\000S\000t\000o\000m\000m\000e\000l\000\040\000d\000i\000a\000g\000r\000a\000m\000s}{section*.2}% 3
\BOOKMARK [3][-]{section*.4}{\376\377\000R\000e\000d\000u\000c\000t\000i\000o\000n\000i\000s\000m}{section*.2}% 4
\BOOKMARK [3][-]{section*.5}{\376\377\000H\000o\000l\000i\000s\000m}{section*.2}% 5
\BOOKMARK [3][-]{section*.6}{\376\377\000S\000c\000a\000l\000e\000s\000\040\000i\000n\000\040\000e\000c\000o\000l\000o\000g\000y}{section*.2}% 6
\BOOKMARK [3][-]{section*.10}{\376\377\000M\000a\000t\000h\000u\000s\000i\000a\000n\000i\000s\000m}{section*.2}% 7
\BOOKMARK [3][-]{section*.11}{\376\377\000C\000l\000a\000s\000s\000i\000c\000a\000l\000\040\000e\000c\000o\000n\000o\000m\000i\000c\000s}{section*.2}% 8
\BOOKMARK [3][-]{section*.12}{\376\377\000A\000p\000p\000l\000i\000c\000a\000t\000i\000o\000n\000s}{section*.2}% 9
\BOOKMARK [2][-]{section*.13}{\376\377\000S\000y\000s\000t\000e\000m\000s}{section*.1}% 10
\BOOKMARK [3][-]{section*.14}{\376\377\000N\000o\000t\000\040\000s\000y\000s\000t\000e\000m\000s}{section*.13}% 11
\BOOKMARK [3][-]{section*.15}{\376\377\000\050\000c\000h\000a\000o\000t\000i\000c\000\051\000\040\000s\000y\000s\000t\000e\000m\000s}{section*.13}% 12
\BOOKMARK [2][-]{section*.21}{\376\377\000D\000e\000f\000i\000n\000i\000t\000i\000o\000n\000s}{section*.1}% 13
\BOOKMARK [3][-]{section*.22}{\376\377\000E\000m\000e\000r\000g\000e\000n\000t\000\040\000p\000r\000o\000p\000e\000r\000t\000i\000e\000s}{section*.21}% 14
\BOOKMARK [3][-]{section*.23}{\376\377\000B\000i\000f\000u\000r\000c\000a\000t\000i\000o\000n\000s}{section*.21}% 15
\BOOKMARK [2][-]{section*.24}{\376\377\000A\000r\000g\000u\000m\000e\000n\000t\000\040\000f\000o\000r\000m\000s}{section*.1}% 16
\BOOKMARK [3][-]{section*.25}{\376\377\000D\000i\000a\000l\000e\000c\000t\000i\000c\000\040\000a\000r\000g\000u\000m\000e\000n\000t}{section*.24}% 17
\BOOKMARK [3][-]{section*.26}{\376\377\000Q\000u\000e\000s\000t\000i\000o\000n\000s\000\040\000l\000i\000s\000t}{section*.24}% 18
\BOOKMARK [3][-]{section*.27}{\376\377\000E\000x\000a\000m\000s}{section*.24}% 19
\BOOKMARK [3][-]{section*.28}{\376\377\000T\000e\000s\000t}{section*.24}% 20
\BOOKMARK [3][-]{section*.29}{\376\377\000O\000r\000g\000a\000n\000i\000s\000m\000s\000\040\000a\000n\000d\000\040\000t\000h\000e\000i\000r\000\040\000e\000n\000v\000i\000r\000o\000n\000m\000e\000n\000t\000.}{section*.24}% 21
\BOOKMARK [3][-]{section*.38}{\376\377\000o\000r\000g\000a\000n\000i\000s\000m\000s\000\040\000i\000n\000t\000e\000r\000a\000c\000t\000i\000o\000n\000s\000\040\000w\000i\000t\000h\000\040\000e\000a\000c\000h\000\040\000o\000t\000h\000e\000r}{section*.24}% 22
\BOOKMARK [1][-]{section*.39}{\376\377\000Q\000u\000e\000s\000t\000i\000o\000n\000s}{}% 23
\BOOKMARK [2][-]{section*.40}{\376\377\000B\000a\000s\000i\000c\000\040\000Q\000u\000e\000s\000t\000i\000o\000n\000s}{section*.39}% 24
\BOOKMARK [2][-]{section*.41}{\376\377\000F\000r\000i\000e\000d\000r\000i\000c\000\040\000C\000l\000e\000m\000e\000n\000t\000s\000\040\000\050\000C\000l\000e\000m\000e\000n\000t\000i\000a\000n\000\040\000s\000c\000h\000o\000o\000l\000\051}{section*.39}% 25
\BOOKMARK [3][-]{section*.42}{\376\377\000B\000a\000c\000k\000g\000r\000o\000u\000n\000d}{section*.41}% 26
\BOOKMARK [3][-]{section*.43}{\376\377\000E\000x\000a\000m\000p\000l\000e\000s}{section*.41}% 27
\BOOKMARK [2][-]{section*.44}{\376\377\000H\000e\000n\000r\000y\000\040\000G\000l\000e\000a\000s\000o\000n\000\040\000\050\000G\000l\000e\000a\000s\000o\000n\000i\000a\000n\000\040\000S\000c\000h\000o\000o\000l\000\051}{section*.39}% 28
