\BOOKMARK [1][-]{section*.1}{\376\377\000Q\000u\000e\000s\000t\000i\000o\000n\000s}{}% 1
\BOOKMARK [2][-]{section*.2}{\376\377\000O\000n\000e}{section*.1}% 2
\BOOKMARK [3][-]{section*.3}{\376\377\000L\000e\000w\000i\000s\000\040\000s\000t\000r\000u\000c\000t\000u\000r\000e\000\040\000o\000f\000\040\000S\000i\000\050\000O\000H\000\051\000\137\0004}{section*.2}% 3
\BOOKMARK [3][-]{section*.7}{\376\377\000L\000e\000w\000i\000s\000\040\000s\000t\000r\000u\000c\000t\000u\000r\000e\000\040\000o\000f\000\040\000A\000l\000\050\000O\000H\000\051\000\137\0004\000\040\000\136\000\173\000-\000\175}{section*.2}% 4
\BOOKMARK [3][-]{section*.11}{\376\377\000L\000e\000w\000i\000s\000\040\000S\000t\000r\000u\000c\000t\000u\000r\000e\000\040\000o\000f\000\040\000A\000l\000\050\000O\000H\000\051\000\137\0003}{section*.2}% 5
\BOOKMARK [2][-]{section*.15}{\376\377\000T\000w\000o}{section*.1}% 6
\BOOKMARK [3][-]{section*.16}{\376\377\000\050\000i\000\051}{section*.15}% 7
\BOOKMARK [3][-]{section*.20}{\376\377\000\050\000i\000i\000\051}{section*.15}% 8
\BOOKMARK [3][-]{section*.23}{\376\377\000\050\000i\000i\000i\000\051}{section*.15}% 9
\BOOKMARK [3][-]{section*.26}{\376\377\000\050\000i\000v\000\051}{section*.15}% 10
\BOOKMARK [3][-]{section*.27}{\376\377\000\050\000v\000\051}{section*.15}% 11
\BOOKMARK [3][-]{section*.29}{\376\377\000\050\000v\000i\000\051}{section*.15}% 12
\BOOKMARK [2][-]{section*.31}{\376\377\000T\000h\000r\000e\000e}{section*.1}% 13
\BOOKMARK [2][-]{section*.32}{\376\377\000F\000i\000v\000e}{section*.1}% 14
\BOOKMARK [2][-]{section*.33}{\376\377\000S\000i\000x\000.}{section*.1}% 15
\BOOKMARK [2][-]{section*.34}{\376\377\000S\000e\000v\000e\000n}{section*.1}% 16
\BOOKMARK [2][-]{section*.35}{\376\377\000E\000i\000g\000h\000t}{section*.1}% 17
\BOOKMARK [1][-]{section*.36}{\376\377\000A\000i\000m}{}% 18
\BOOKMARK [1][-]{section*.37}{\376\377\000I\000n\000t\000r\000o\000d\000u\000c\000t\000i\000o\000n}{}% 19
\BOOKMARK [2][-]{section*.38}{}{section*.37}% 20
\BOOKMARK [1][-]{section*.39}{\376\377\000R\000e\000s\000u\000l\000t\000s\000\040\000a\000n\000d\000\040\000d\000i\000s\000c\000u\000s\000s\000i\000o\000n\000.}{}% 21
\BOOKMARK [1][-]{section*.40}{\376\377\000M\000a\000t\000e\000r\000i\000a\000l\000\040\000a\000n\000d\000\040\000m\000e\000t\000h\000o\000d\000s}{}% 22
\BOOKMARK [2][-]{section*.41}{\376\377\000E\000x\000p\000e\000r\000i\000m\000e\000n\000t\000\040\000A\000.}{section*.40}% 23
\BOOKMARK [3][-]{section*.42}{\376\377\000P\000r\000e\000p\000a\000r\000a\000t\000i\000o\000n\000\040\000o\000f\000\040\000s\000t\000a\000n\000d\000a\000r\000d\000s}{section*.41}% 24
\BOOKMARK [3][-]{section*.43}{\376\377\000P\000r\000e\000p\000a\000r\000a\000t\000i\000o\000n\000\040\000o\000f\000\040\000A\000n\000a\000l\000y\000t\000e\000.}{section*.41}% 25
\BOOKMARK [3][-]{section*.44}{\376\377\000T\000i\000t\000r\000a\000t\000i\000o\000n}{section*.41}% 26
\BOOKMARK [2][-]{section*.45}{\376\377\000E\000x\000p\000e\000r\000i\000m\000e\000n\000t\000\040\000B}{section*.40}% 27
\BOOKMARK [3][-]{section*.46}{\376\377\000P\000r\000e\000p\000a\000r\000a\000t\000i\000o\000n\000\040\000o\000f\000\040\000i\000n\000i\000t\000i\000a\000l\000\040\000s\000o\000l\000u\000t\000i\000o\000n\000s\000.}{section*.45}% 28
\BOOKMARK [2][-]{section*.47}{\376\377\000S\000y\000n\000t\000h\000e\000s\000i\000s}{section*.40}% 29
\BOOKMARK [3][-]{section*.48}{\376\377\000W\000o\000r\000k\000\040\000u\000p}{section*.47}% 30
\BOOKMARK [1][-]{section*.49}{\376\377\000D\000a\000t\000a\000\040\000A\000p\000p\000e\000n\000d\000i\000c\000e\000s}{}% 31
\BOOKMARK [2][-]{section*.50}{\376\377\000E\000x\000p\000e\000r\000i\000m\000e\000n\000t\000\040\000A\000.}{section*.49}% 32
\BOOKMARK [3][-]{section*.51}{\376\377\000M\000a\000t\000e\000r\000i\000a\000l\000s\000\040\000u\000s\000e\000d}{section*.50}% 33
\BOOKMARK [3][-]{section*.52}{\376\377\000T\000i\000t\000r\000a\000t\000i\000o\000n\000\040\000T\000a\000b\000l\000e}{section*.50}% 34
\BOOKMARK [2][-]{section*.53}{\376\377\000E\000x\000p\000e\000r\000i\000m\000e\000n\000t\000\040\000B\000.}{section*.49}% 35
\BOOKMARK [3][-]{section*.54}{\376\377\000D\000e\000s\000c\000r\000i\000p\000t\000i\000o\000n\000\040\000o\000f\000\040\000p\000r\000o\000d\000u\000c\000t\000.}{section*.53}% 36
