\BOOKMARK [1][-]{section*.1}{\376\377\000S\000c\000i\000e\000n\000t\000i\000f\000i\000c\000\040\000p\000r\000a\000c\000t\000i\000c\000e}{}% 1
\BOOKMARK [2][-]{section*.2}{\376\377\000s\000o\000l\000u\000t\000i\000o\000n\000s}{section*.1}% 2
\BOOKMARK [3][-]{section*.3}{\376\377\000e\000l\000e\000c\000t\000r\000o\000l\000y\000t\000i\000c\000\040\000s\000o\000l\000u\000t\000i\000o\000n\000s}{section*.2}% 3
\BOOKMARK [3][-]{section*.4}{\376\377\000O\000s\000m\000o\000t\000i\000c\000\040\000e\000f\000f\000e\000c\000t\000s\000.}{section*.2}% 4
\BOOKMARK [3][-]{section*.5}{\376\377\000t\000o\000n\000i\000c\000i\000t\000y}{section*.2}% 5
\BOOKMARK [3][-]{section*.9}{\376\377\000I\000d\000e\000a\000l\000\040\000S\000o\000l\000u\000t\000i\000o\000n\000s}{section*.2}% 6
\BOOKMARK [3][-]{section*.10}{\376\377\000c\000o\000n\000c\000e\000n\000t\000r\000a\000t\000i\000o\000n\000\040\000m\000e\000a\000s\000u\000r\000e\000m\000e\000n\000t\000s}{section*.2}% 7
\BOOKMARK [3][-]{section*.16}{\376\377\000B\000a\000s\000i\000c\000\040\000l\000i\000s\000t}{section*.2}% 8
\BOOKMARK [3][-]{section*.17}{\376\377\000W\000a\000t\000e\000r}{section*.2}% 9
\BOOKMARK [2][-]{section*.26}{\376\377\000A\000c\000i\000d\000s\000\040\000a\000n\000d\000\040\000B\000a\000s\000e\000s}{section*.1}% 10
\BOOKMARK [3][-]{section*.27}{\376\377\000B\000r\000o\000n\000s\000t\000e\000d\000\040\000a\000n\000d\000\040\000l\000o\000w\000e\000r\000y}{section*.26}% 11
\BOOKMARK [3][-]{section*.28}{\376\377\000l\000e\000w\000i\000s}{section*.26}% 12
\BOOKMARK [3][-]{section*.30}{\376\377\000b\000u\000f\000f\000e\000r\000i\000n\000g}{section*.26}% 13
\BOOKMARK [1][-]{section*.31}{\376\377\000S\000c\000i\000e\000n\000t\000i\000f\000i\000c\000\040\000R\000e\000a\000s\000o\000n\000i\000n\000g}{}% 14
\BOOKMARK [2][-]{section*.32}{\376\377\000B\000a\000s\000i\000c\000\040\000s\000t\000r\000u\000c\000t\000u\000r\000e\000s\000\040\000o\000f\000\040\000a\000n\000\040\000a\000r\000g\000u\000m\000e\000n\000t}{section*.31}% 15
\BOOKMARK [3][-]{section*.33}{\376\377\000P\000r\000e\000m\000i\000s\000e\000s}{section*.32}% 16
\BOOKMARK [3][-]{section*.34}{\376\377\000C\000o\000n\000c\000l\000u\000s\000i\000o\000n\000s}{section*.32}% 17
\BOOKMARK [2][-]{section*.35}{\376\377\000A\000\040\000g\000o\000o\000d\000\040\000a\000r\000g\000u\000m\000e\000n\000t}{section*.31}% 18
\BOOKMARK [3][-]{section*.36}{\376\377\000D\000e\000d\000u\000c\000t\000i\000v\000e\000\040\000a\000r\000g\000u\000m\000e\000n\000t\000s}{section*.35}% 19
\BOOKMARK [3][-]{section*.41}{\376\377\000N\000o\000n\000\040\000d\000e\000d\000u\000c\000t\000i\000v\000e\000\040\000a\000r\000g\000u\000m\000e\000n\000t\000s}{section*.35}% 20
\BOOKMARK [3][-]{section*.44}{\376\377\000D\000e\000d\000u\000c\000t\000i\000v\000e\000\040\000a\000r\000g\000u\000m\000e\000n\000t\000s}{section*.35}% 21
\BOOKMARK [3][-]{section*.45}{\376\377\000A\000b\000d\000u\000c\000t\000i\000o\000n}{section*.35}% 22
\BOOKMARK [3][-]{section*.50}{\376\377\000M\000a\000k\000i\000n\000g\000\040\000o\000b\000s\000e\000r\000v\000a\000t\000i\000o\000n\000s}{section*.35}% 23
\BOOKMARK [2][-]{section*.53}{\376\377\000A\000\040\000b\000a\000d\000\040\000a\000r\000g\000u\000m\000e\000n\000t}{section*.31}% 24
\BOOKMARK [3][-]{section*.54}{\376\377\000C\000i\000r\000c\000u\000l\000a\000r\000\040\000a\000r\000g\000u\000m\000e\000n\000t\000s\000.}{section*.53}% 25
\BOOKMARK [1][-]{section*.55}{\376\377\000D\000e\000f\000i\000n\000i\000t\000i\000o\000n\000s}{}% 26
\BOOKMARK [2][-]{section*.56}{\376\377\000P\000r\000e\000m\000i\000s\000e}{section*.55}% 27
\BOOKMARK [3][-]{section*.57}{\376\377\000C\000o\000n\000c\000l\000u\000s\000i\000o\000n}{section*.56}% 28
\BOOKMARK [3][-]{section*.58}{\376\377\000B\000i\000a\000s}{section*.56}% 29
\BOOKMARK [1][-]{section*.59}{\376\377\000S\000t\000e\000r\000i\000o\000c\000h\000e\000m\000i\000s\000t\000r\000y}{}% 30
\BOOKMARK [2][-]{section*.60}{\376\377\000R\000o\000t\000a\000m\000e\000r\000s}{section*.59}% 31
\BOOKMARK [3][-]{section*.61}{\376\377\000N\000e\000w\000m\000a\000n\000\040\000P\000r\000o\000j\000e\000c\000t\000i\000o\000n\000s}{section*.60}% 32
\BOOKMARK [3][-]{section*.62}{\376\377\000C\000o\000n\000f\000o\000r\000m\000a\000t\000i\000o\000n\000s}{section*.60}% 33
\BOOKMARK [2][-]{section*.69}{\376\377\000I\000n\000a\000n\000t\000o\000m\000e\000r\000s\000.}{section*.59}% 34
\BOOKMARK [3][-]{section*.70}{\376\377\000E\000n\000a\000n\000t\000i\000o\000m\000e\000r\000s}{section*.69}% 35
\BOOKMARK [3][-]{section*.73}{\376\377\000D\000i\000a\000s\000t\000e\000r\000e\000o\000m\000e\000r\000s}{section*.69}% 36
\BOOKMARK [3][-]{section*.76}{\376\377\000D\000r\000a\000w\000i\000n\000g\000\040\000s\000t\000r\000u\000c\000t\000u\000r\000e\000s}{section*.69}% 37
